08/05/2020 21:34:42 DEBUG packetLog4J.TestcaseLog4j - This is a debug log
08/05/2020 21:34:42 INFO  packetLog4J.TestcaseLog4j - This is a info log
08/05/2020 21:34:42 ERROR packetLog4J.TestcaseLog4j - There is an error in the project
08/05/2020 21:37:59 DEBUG packetLog4J.TestcaseLog4j - This is a debug log
08/05/2020 21:37:59 INFO  packetLog4J.TestcaseLog4j - This is a info log
08/05/2020 21:37:59 ERROR packetLog4J.TestcaseLog4j - There is an error in the project
09/05/2020 05:45:47 DEBUG packetLog4J.TestcaseLog4j - This is a debug log
09/05/2020 05:45:47 INFO  packetLog4J.TestcaseLog4j - This is a info log
09/05/2020 05:45:47 ERROR packetLog4J.TestcaseLog4j - There is an error in the project
11/05/2020 09:27:29 DEBUG packetLog4J.TestcaseLog4j - This is a debug log
<!DOCTYPE HTML PUBLIC "-//W3C//DTD HTML 4.01 Transitional//EN" "http://www.w3.org/TR/html4/loose.dtd">
<html>
<head>
<title>Log4J Log Messages</title>
<style type="text/css">
<!--
body, table {font-family: arial,sans-serif; font-size: x-small;}
th {background: #336699; color: #FFFFFF; text-align: left;}
-->
</style>
</head>
<body bgcolor="#FFFFFF" topmargin="6" leftmargin="6">
<hr size="1" noshade>
Log session start time Mon May 11 09:27:29 CDT 2020<br>
<br>
<table cellspacing="0" cellpadding="4" border="1" bordercolor="#224466" width="100%">
<tr>
<th>Time</th>
<th>Thread</th>
<th>Level</th>
<th>Category</th>
<th>Message</th>
</tr>
<!DOCTYPE HTML PUBLIC "-//W3C//DTD HTML 4.01 Transitional//EN" "http://www.w3.org/TR/html4/loose.dtd">
<html>
<head>
<title>Log4J Log Messages</title>
<style type="text/css">
<!--
body, table {font-family: arial,sans-serif; font-size: x-small;}
th {background: #336699; color: #FFFFFF; text-align: left;}
-->
</style>
</head>
<body bgcolor="#FFFFFF" topmargin="6" leftmargin="6">
<hr size="1" noshade>
Log session start time Mon May 11 09:27:29 CDT 2020<br>
<br>
<table cellspacing="0" cellpadding="4" border="1" bordercolor="#224466" width="100%">
<tr>
<th>Time</th>
<th>Thread</th>
<th>Level</th>
<th>Category</th>
<th>Message</th>
</tr>

<tr>
<td>0</td>
<td title="main thread">main</td>
<td title="Level"><font color="#339933">DEBUG</font></td>
<td title="packetLog4J.TestcaseLog4j category">packetLog4J.TestcaseLog4j</td>
<td title="Message">This is a debug log</td>
</tr>
11/05/2020 09:27:29 INFO  packetLog4J.TestcaseLog4j - This is a info log

<tr>
<td>2</td>
<td title="main thread">main</td>
<td title="Level">INFO</td>
<td title="packetLog4J.TestcaseLog4j category">packetLog4J.TestcaseLog4j</td>
<td title="Message">This is a info log</td>
</tr>
11/05/2020 09:27:29 ERROR packetLog4J.TestcaseLog4j - There is an error in the project

<tr>
<td>2</td>
<td title="main thread">main</td>
<td title="Level"><font color="#993300"><strong>ERROR</strong></font></td>
<td title="packetLog4J.TestcaseLog4j category">packetLog4J.TestcaseLog4j</td>
<td title="Message">There is an error in the project</td>
</tr>
11/05/2020 09:28:22 DEBUG packetLog4J.TestcaseLog4j - This is a debug log
<!DOCTYPE HTML PUBLIC "-//W3C//DTD HTML 4.01 Transitional//EN" "http://www.w3.org/TR/html4/loose.dtd">
<html>
<head>
<title>Log4J Log Messages</title>
<style type="text/css">
<!--
body, table {font-family: arial,sans-serif; font-size: x-small;}
th {background: #336699; color: #FFFFFF; text-align: left;}
-->
</style>
</head>
<body bgcolor="#FFFFFF" topmargin="6" leftmargin="6">
<hr size="1" noshade>
Log session start time Mon May 11 09:28:22 CDT 2020<br>
<br>
<table cellspacing="0" cellpadding="4" border="1" bordercolor="#224466" width="100%">
<tr>
<th>Time</th>
<th>Thread</th>
<th>Level</th>
<th>Category</th>
<th>Message</th>
</tr>

<tr>
<td>0</td>
<td title="main thread">main</td>
<td title="Level"><font color="#339933">DEBUG</font></td>
<td title="packetLog4J.TestcaseLog4j category">packetLog4J.TestcaseLog4j</td>
<td title="Message">This is a debug log</td>
</tr>
11/05/2020 09:28:22 INFO  packetLog4J.TestcaseLog4j - This is a info log

<tr>
<td>1</td>
<td title="main thread">main</td>
<td title="Level">INFO</td>
<td title="packetLog4J.TestcaseLog4j category">packetLog4J.TestcaseLog4j</td>
<td title="Message">This is a info log</td>
</tr>
11/05/2020 09:28:22 ERROR packetLog4J.TestcaseLog4j - There is an error in the project

<tr>
<td>1</td>
<td title="main thread">main</td>
<td title="Level"><font color="#993300"><strong>ERROR</strong></font></td>
<td title="packetLog4J.TestcaseLog4j category">packetLog4J.TestcaseLog4j</td>
<td title="Message">There is an error in the project</td>
</tr>
11/05/2020 09:39:33 DEBUG packetLog4J.TestcaseLog4j - This is a debug log
<!DOCTYPE HTML PUBLIC "-//W3C//DTD HTML 4.01 Transitional//EN" "http://www.w3.org/TR/html4/loose.dtd">
<html>
<head>
<title>Log4J Log Messages</title>
<style type="text/css">
<!--
body, table {font-family: arial,sans-serif; font-size: x-small;}
th {background: #336699; color: #FFFFFF; text-align: left;}
-->
</style>
</head>
<body bgcolor="#FFFFFF" topmargin="6" leftmargin="6">
<hr size="1" noshade>
Log session start time Mon May 11 09:39:33 CDT 2020<br>
<br>
<table cellspacing="0" cellpadding="4" border="1" bordercolor="#224466" width="100%">
<tr>
<th>Time</th>
<th>Thread</th>
<th>Level</th>
<th>Category</th>
<th>Message</th>
</tr>

<tr>
<td>0</td>
<td title="main thread">main</td>
<td title="Level"><font color="#339933">DEBUG</font></td>
<td title="packetLog4J.TestcaseLog4j category">packetLog4J.TestcaseLog4j</td>
<td title="Message">This is a debug log</td>
</tr>
11/05/2020 09:39:33 INFO  packetLog4J.TestcaseLog4j - This is a info log

<tr>
<td>0</td>
<td title="main thread">main</td>
<td title="Level">INFO</td>
<td title="packetLog4J.TestcaseLog4j category">packetLog4J.TestcaseLog4j</td>
<td title="Message">This is a info log</td>
</tr>
11/05/2020 09:39:33 ERROR packetLog4J.TestcaseLog4j - There is an error in the project

<tr>
<td>0</td>
<td title="main thread">main</td>
<td title="Level"><font color="#993300"><strong>ERROR</strong></font></td>
<td title="packetLog4J.TestcaseLog4j category">packetLog4J.TestcaseLog4j</td>
<td title="Message">There is an error in the project</td>
</tr>
11/05/2020 09:40:31 DEBUG packetLog4J.TestcaseLog4j - This is a debug log
<!DOCTYPE HTML PUBLIC "-//W3C//DTD HTML 4.01 Transitional//EN" "http://www.w3.org/TR/html4/loose.dtd">
<html>
<head>
<title>Log4J Log Messages</title>
<style type="text/css">
<!--
body, table {font-family: arial,sans-serif; font-size: x-small;}
th {background: #336699; color: #FFFFFF; text-align: left;}
-->
</style>
</head>
<body bgcolor="#FFFFFF" topmargin="6" leftmargin="6">
<hr size="1" noshade>
Log session start time Mon May 11 09:40:31 CDT 2020<br>
<br>
<table cellspacing="0" cellpadding="4" border="1" bordercolor="#224466" width="100%">
<tr>
<th>Time</th>
<th>Thread</th>
<th>Level</th>
<th>Category</th>
<th>Message</th>
</tr>

<tr>
<td>0</td>
<td title="main thread">main</td>
<td title="Level"><font color="#339933">DEBUG</font></td>
<td title="packetLog4J.TestcaseLog4j category">packetLog4J.TestcaseLog4j</td>
<td title="Message">This is a debug log</td>
</tr>
11/05/2020 09:40:31 INFO  packetLog4J.TestcaseLog4j - This is a info log

<tr>
<td>0</td>
<td title="main thread">main</td>
<td title="Level">INFO</td>
<td title="packetLog4J.TestcaseLog4j category">packetLog4J.TestcaseLog4j</td>
<td title="Message">This is a info log</td>
</tr>
11/05/2020 09:40:31 ERROR packetLog4J.TestcaseLog4j - There is an error in the project

<tr>
<td>0</td>
<td title="main thread">main</td>
<td title="Level"><font color="#993300"><strong>ERROR</strong></font></td>
<td title="packetLog4J.TestcaseLog4j category">packetLog4J.TestcaseLog4j</td>
<td title="Message">There is an error in the project</td>
</tr>
11/05/2020 09:42:27 DEBUG packetLog4J.TestcaseLog4j - This is a debug log
<!DOCTYPE HTML PUBLIC "-//W3C//DTD HTML 4.01 Transitional//EN" "http://www.w3.org/TR/html4/loose.dtd">
<html>
<head>
<title>Log4J Log Messages</title>
<style type="text/css">
<!--
body, table {font-family: arial,sans-serif; font-size: x-small;}
th {background: #336699; color: #FFFFFF; text-align: left;}
-->
</style>
</head>
<body bgcolor="#FFFFFF" topmargin="6" leftmargin="6">
<hr size="1" noshade>
Log session start time Mon May 11 09:42:27 CDT 2020<br>
<br>
<table cellspacing="0" cellpadding="4" border="1" bordercolor="#224466" width="100%">
<tr>
<th>Time</th>
<th>Thread</th>
<th>Level</th>
<th>Category</th>
<th>Message</th>
</tr>

<tr>
<td>0</td>
<td title="main thread">main</td>
<td title="Level"><font color="#339933">DEBUG</font></td>
<td title="packetLog4J.TestcaseLog4j category">packetLog4J.TestcaseLog4j</td>
<td title="Message">This is a debug log</td>
</tr>
11/05/2020 09:42:27 INFO  packetLog4J.TestcaseLog4j - This is a info log

<tr>
<td>0</td>
<td title="main thread">main</td>
<td title="Level">INFO</td>
<td title="packetLog4J.TestcaseLog4j category">packetLog4J.TestcaseLog4j</td>
<td title="Message">This is a info log</td>
</tr>
11/05/2020 09:42:28 ERROR packetLog4J.TestcaseLog4j - There is an error in the project

<tr>
<td>5</td>
<td title="main thread">main</td>
<td title="Level"><font color="#993300"><strong>ERROR</strong></font></td>
<td title="packetLog4J.TestcaseLog4j category">packetLog4J.TestcaseLog4j</td>
<td title="Message">There is an error in the project</td>
</tr>
11/05/2020 09:52:43 DEBUG packetLog4J.TestcaseLog4j - This is a debug log
<!DOCTYPE HTML PUBLIC "-//W3C//DTD HTML 4.01 Transitional//EN" "http://www.w3.org/TR/html4/loose.dtd">
<html>
<head>
<title>Log4J Log Messages</title>
<style type="text/css">
<!--
body, table {font-family: arial,sans-serif; font-size: x-small;}
th {background: #336699; color: #FFFFFF; text-align: left;}
-->
</style>
</head>
<body bgcolor="#FFFFFF" topmargin="6" leftmargin="6">
<hr size="1" noshade>
Log session start time Mon May 11 09:52:43 CDT 2020<br>
<br>
<table cellspacing="0" cellpadding="4" border="1" bordercolor="#224466" width="100%">
<tr>
<th>Time</th>
<th>Thread</th>
<th>Level</th>
<th>Category</th>
<th>Message</th>
</tr>

<tr>
<td>0</td>
<td title="main thread">main</td>
<td title="Level"><font color="#339933">DEBUG</font></td>
<td title="packetLog4J.TestcaseLog4j category">packetLog4J.TestcaseLog4j</td>
<td title="Message">This is a debug log</td>
</tr>
11/05/2020 09:52:43 INFO  packetLog4J.TestcaseLog4j - This is a info log

<tr>
<td>1</td>
<td title="main thread">main</td>
<td title="Level">INFO</td>
<td title="packetLog4J.TestcaseLog4j category">packetLog4J.TestcaseLog4j</td>
<td title="Message">This is a info log</td>
</tr>
11/05/2020 09:52:43 ERROR packetLog4J.TestcaseLog4j - There is an error in the project

<tr>
<td>2</td>
<td title="main thread">main</td>
<td title="Level"><font color="#993300"><strong>ERROR</strong></font></td>
<td title="packetLog4J.TestcaseLog4j category">packetLog4J.TestcaseLog4j</td>
<td title="Message">There is an error in the project</td>
</tr>
11/05/2020 09:53:21 DEBUG packetLog4J.TestcaseLog4j - This is a debug log
<!DOCTYPE HTML PUBLIC "-//W3C//DTD HTML 4.01 Transitional//EN" "http://www.w3.org/TR/html4/loose.dtd">
<html>
<head>
<title>Log4J Log Messages</title>
<style type="text/css">
<!--
body, table {font-family: arial,sans-serif; font-size: x-small;}
th {background: #336699; color: #FFFFFF; text-align: left;}
-->
</style>
</head>
<body bgcolor="#FFFFFF" topmargin="6" leftmargin="6">
<hr size="1" noshade>
Log session start time Mon May 11 09:53:21 CDT 2020<br>
<br>
<table cellspacing="0" cellpadding="4" border="1" bordercolor="#224466" width="100%">
<tr>
<th>Time</th>
<th>Thread</th>
<th>Level</th>
<th>Category</th>
<th>Message</th>
</tr>

<tr>
<td>0</td>
<td title="main thread">main</td>
<td title="Level"><font color="#339933">DEBUG</font></td>
<td title="packetLog4J.TestcaseLog4j category">packetLog4J.TestcaseLog4j</td>
<td title="Message">This is a debug log</td>
</tr>
11/05/2020 09:53:21 INFO  packetLog4J.TestcaseLog4j - This is a info log

<tr>
<td>1</td>
<td title="main thread">main</td>
<td title="Level">INFO</td>
<td title="packetLog4J.TestcaseLog4j category">packetLog4J.TestcaseLog4j</td>
<td title="Message">This is a info log</td>
</tr>
11/05/2020 09:53:21 ERROR packetLog4J.TestcaseLog4j - There is an error in the project

<tr>
<td>1</td>
<td title="main thread">main</td>
<td title="Level"><font color="#993300"><strong>ERROR</strong></font></td>
<td title="packetLog4J.TestcaseLog4j category">packetLog4J.TestcaseLog4j</td>
<td title="Message">There is an error in the project</td>
</tr>
11/05/2020 09:58:09 DEBUG packetLog4J.TestcaseLog4j - This is a debug log
11/05/2020 09:58:09 INFO  packetLog4J.TestcaseLog4j - This is a info log
11/05/2020 09:58:09 ERROR packetLog4J.TestcaseLog4j - There is an error in the project
11/05/2020 10:03:09 DEBUG packetLog4J.TestcaseLog4j - This is a debug log
11/05/2020 10:03:09 INFO  packetLog4J.TestcaseLog4j - This is a info log
11/05/2020 10:03:09 ERROR packetLog4J.TestcaseLog4j - There is an error in the project
11/05/2020 10:05:04 DEBUG packetLog4J.TestcaseLog4j - This is a debug log
11/05/2020 10:05:04 INFO  packetLog4J.TestcaseLog4j - This is a info log
11/05/2020 10:05:04 ERROR packetLog4J.TestcaseLog4j - There is an error in the project
11/05/2020 10:05:18 DEBUG packetLog4J.TestcaseLog4j - This is a debug log
11/05/2020 10:05:18 INFO  packetLog4J.TestcaseLog4j - This is a info log
11/05/2020 10:05:18 ERROR packetLog4J.TestcaseLog4j - There is an error in the project
